INFO [2021-01-24 15:04:48] [[1]]
INFO [2021-01-24 15:04:48] list(`Near term` = n, Ecological = e, Forecast = f)
INFO [2021-01-24 15:04:48] 
INFO [2021-01-24 15:04:48] [[2]]
INFO [2021-01-24 15:04:48] [1] "VennDiagrams/venn_data.tiff"
INFO [2021-01-24 15:04:48] 
INFO [2021-01-24 15:04:48] $cex
INFO [2021-01-24 15:04:48] [1] 2
INFO [2021-01-24 15:04:48] 
INFO [2021-01-24 15:04:48] $cat.cex
INFO [2021-01-24 15:04:48] [1] 1.5
INFO [2021-01-24 15:04:48] 
INFO [2021-01-24 15:04:48] $cat.dist
INFO [2021-01-24 15:04:48] c(0.03, 0.1, 0.06)
INFO [2021-01-24 15:04:48] 
INFO [2021-01-24 15:04:48] $cat.pos
INFO [2021-01-24 15:04:48] c(320, 40, 160)
INFO [2021-01-24 15:04:48] 
INFO [2021-01-24 15:04:48] $margin
INFO [2021-01-24 15:04:48] [1] 0.1
INFO [2021-01-24 15:04:48] 
