INFO [2021-01-24 15:12:22] [[1]]
INFO [2021-01-24 15:12:22] list(`Near term` = n, Ecological = e, Forecast = f)
INFO [2021-01-24 15:12:22] 
INFO [2021-01-24 15:12:22] [[2]]
INFO [2021-01-24 15:12:22] [1] "VennDiagrams/venn_data_cited_ing.tiff"
INFO [2021-01-24 15:12:22] 
INFO [2021-01-24 15:12:22] $cex
INFO [2021-01-24 15:12:22] [1] 2
INFO [2021-01-24 15:12:22] 
INFO [2021-01-24 15:12:22] $cat.cex
INFO [2021-01-24 15:12:22] [1] 1.5
INFO [2021-01-24 15:12:22] 
INFO [2021-01-24 15:12:22] $cat.dist
INFO [2021-01-24 15:12:22] c(0.03, 0.1, 0.06)
INFO [2021-01-24 15:12:22] 
INFO [2021-01-24 15:12:22] $cat.pos
INFO [2021-01-24 15:12:22] c(320, 40, 160)
INFO [2021-01-24 15:12:22] 
INFO [2021-01-24 15:12:22] $margin
INFO [2021-01-24 15:12:22] [1] 0.1
INFO [2021-01-24 15:12:22] 
