INFO [2020-08-02 15:10:16] [[1]]
INFO [2020-08-02 15:10:16] list(`Near term` = n, Ecological = e, Forecast = f)
INFO [2020-08-02 15:10:16] 
INFO [2020-08-02 15:10:16] [[2]]
INFO [2020-08-02 15:10:16] [1] "VennDiagrams/venn_data_cited_ing.tiff"
INFO [2020-08-02 15:10:16] 
INFO [2020-08-02 15:10:16] $cex
INFO [2020-08-02 15:10:16] [1] 2
INFO [2020-08-02 15:10:16] 
INFO [2020-08-02 15:10:16] $cat.cex
INFO [2020-08-02 15:10:16] [1] 1.5
INFO [2020-08-02 15:10:16] 
INFO [2020-08-02 15:10:16] $cat.dist
INFO [2020-08-02 15:10:16] c(0.03, 0.1, 0.06)
INFO [2020-08-02 15:10:16] 
INFO [2020-08-02 15:10:16] $cat.pos
INFO [2020-08-02 15:10:16] c(320, 40, 160)
INFO [2020-08-02 15:10:16] 
INFO [2020-08-02 15:10:16] $margin
INFO [2020-08-02 15:10:16] [1] 0.1
INFO [2020-08-02 15:10:16] 
