INFO [2020-08-10 22:10:08] [[1]]
INFO [2020-08-10 22:10:08] list(`Near term` = n, Ecological = e, Forecast = f)
INFO [2020-08-10 22:10:08] 
INFO [2020-08-10 22:10:08] [[2]]
INFO [2020-08-10 22:10:08] [1] "VennDiagrams/venn_data.tiff"
INFO [2020-08-10 22:10:08] 
INFO [2020-08-10 22:10:08] $cex
INFO [2020-08-10 22:10:08] [1] 2
INFO [2020-08-10 22:10:08] 
INFO [2020-08-10 22:10:08] $cat.cex
INFO [2020-08-10 22:10:08] [1] 1.5
INFO [2020-08-10 22:10:08] 
INFO [2020-08-10 22:10:08] $cat.dist
INFO [2020-08-10 22:10:08] c(0.03, 0.1, 0.06)
INFO [2020-08-10 22:10:08] 
INFO [2020-08-10 22:10:08] $cat.pos
INFO [2020-08-10 22:10:08] c(320, 40, 160)
INFO [2020-08-10 22:10:08] 
INFO [2020-08-10 22:10:08] $margin
INFO [2020-08-10 22:10:08] [1] 0.1
INFO [2020-08-10 22:10:08] 
