INFO [2020-08-10 21:58:59] [[1]]
INFO [2020-08-10 21:58:59] list(`Near term` = n, Ecological = e, Forecast = f)
INFO [2020-08-10 21:58:59] 
INFO [2020-08-10 21:58:59] [[2]]
INFO [2020-08-10 21:58:59] [1] "VennDiagrams/venn_data_cited_ing.tiff"
INFO [2020-08-10 21:58:59] 
INFO [2020-08-10 21:58:59] $cex
INFO [2020-08-10 21:58:59] [1] 2
INFO [2020-08-10 21:58:59] 
INFO [2020-08-10 21:58:59] $cat.cex
INFO [2020-08-10 21:58:59] [1] 1.5
INFO [2020-08-10 21:58:59] 
INFO [2020-08-10 21:58:59] $cat.dist
INFO [2020-08-10 21:58:59] c(0.03, 0.1, 0.06)
INFO [2020-08-10 21:58:59] 
INFO [2020-08-10 21:58:59] $cat.pos
INFO [2020-08-10 21:58:59] c(320, 40, 160)
INFO [2020-08-10 21:58:59] 
INFO [2020-08-10 21:58:59] $margin
INFO [2020-08-10 21:58:59] [1] 0.1
INFO [2020-08-10 21:58:59] 
