INFO [2021-04-05 14:07:09] [[1]]
INFO [2021-04-05 14:07:09] list(`Near term` = n, Ecological = e, Forecast = f)
INFO [2021-04-05 14:07:09] 
INFO [2021-04-05 14:07:09] [[2]]
INFO [2021-04-05 14:07:09] [1] "../Figures/VennDiagrams/round1.tiff"
INFO [2021-04-05 14:07:09] 
INFO [2021-04-05 14:07:09] $cex
INFO [2021-04-05 14:07:09] [1] 2
INFO [2021-04-05 14:07:09] 
INFO [2021-04-05 14:07:09] $cat.cex
INFO [2021-04-05 14:07:09] [1] 1.5
INFO [2021-04-05 14:07:09] 
INFO [2021-04-05 14:07:09] $cat.dist
INFO [2021-04-05 14:07:09] c(0.03, 0.1, 0.06)
INFO [2021-04-05 14:07:09] 
INFO [2021-04-05 14:07:09] $cat.pos
INFO [2021-04-05 14:07:09] c(320, 40, 160)
INFO [2021-04-05 14:07:09] 
INFO [2021-04-05 14:07:09] $margin
INFO [2021-04-05 14:07:09] [1] 0.1
INFO [2021-04-05 14:07:09] 
