INFO [2021-04-05 14:01:03] [[1]]
INFO [2021-04-05 14:01:03] list(`Near term` = n, Ecological = e, Forecast = f)
INFO [2021-04-05 14:01:03] 
INFO [2021-04-05 14:01:03] [[2]]
INFO [2021-04-05 14:01:03] [1] "../Figures/VennDiagrams/round1.tiff"
INFO [2021-04-05 14:01:03] 
INFO [2021-04-05 14:01:03] $cex
INFO [2021-04-05 14:01:03] [1] 2
INFO [2021-04-05 14:01:03] 
INFO [2021-04-05 14:01:03] $cat.cex
INFO [2021-04-05 14:01:03] [1] 1.5
INFO [2021-04-05 14:01:03] 
INFO [2021-04-05 14:01:03] $cat.dist
INFO [2021-04-05 14:01:03] c(0.03, 0.1, 0.06)
INFO [2021-04-05 14:01:03] 
INFO [2021-04-05 14:01:03] $cat.pos
INFO [2021-04-05 14:01:03] c(320, 40, 160)
INFO [2021-04-05 14:01:03] 
INFO [2021-04-05 14:01:03] $margin
INFO [2021-04-05 14:01:03] [1] 0.1
INFO [2021-04-05 14:01:03] 
