INFO [2021-04-05 14:02:23] [[1]]
INFO [2021-04-05 14:02:23] list(`Near term` = n, Ecological = e, Forecast = f)
INFO [2021-04-05 14:02:23] 
INFO [2021-04-05 14:02:23] [[2]]
INFO [2021-04-05 14:02:23] [1] "../Figures/VennDiagrams/round1.tiff"
INFO [2021-04-05 14:02:23] 
INFO [2021-04-05 14:02:23] $cex
INFO [2021-04-05 14:02:23] [1] 2
INFO [2021-04-05 14:02:23] 
INFO [2021-04-05 14:02:23] $cat.cex
INFO [2021-04-05 14:02:23] [1] 1.5
INFO [2021-04-05 14:02:23] 
INFO [2021-04-05 14:02:23] $cat.dist
INFO [2021-04-05 14:02:23] c(0.03, 0.1, 0.06)
INFO [2021-04-05 14:02:23] 
INFO [2021-04-05 14:02:23] $cat.pos
INFO [2021-04-05 14:02:23] c(320, 40, 160)
INFO [2021-04-05 14:02:23] 
INFO [2021-04-05 14:02:23] $margin
INFO [2021-04-05 14:02:23] [1] 0.1
INFO [2021-04-05 14:02:23] 
