INFO [2021-04-06 23:26:18] [[1]]
INFO [2021-04-06 23:26:18] list(`Near term` = n, Ecological = e, Forecast = f)
INFO [2021-04-06 23:26:18] 
INFO [2021-04-06 23:26:18] [[2]]
INFO [2021-04-06 23:26:18] [1] "../Figures/VennDiagrams/round1.tiff"
INFO [2021-04-06 23:26:18] 
INFO [2021-04-06 23:26:18] $cex
INFO [2021-04-06 23:26:18] [1] 2
INFO [2021-04-06 23:26:18] 
INFO [2021-04-06 23:26:18] $cat.cex
INFO [2021-04-06 23:26:18] [1] 1.5
INFO [2021-04-06 23:26:18] 
INFO [2021-04-06 23:26:18] $cat.dist
INFO [2021-04-06 23:26:18] c(0.03, 0.1, 0.06)
INFO [2021-04-06 23:26:18] 
INFO [2021-04-06 23:26:18] $cat.pos
INFO [2021-04-06 23:26:18] c(320, 40, 160)
INFO [2021-04-06 23:26:18] 
INFO [2021-04-06 23:26:18] $margin
INFO [2021-04-06 23:26:18] [1] 0.1
INFO [2021-04-06 23:26:18] 
