INFO [2021-04-05 14:00:16] [[1]]
INFO [2021-04-05 14:00:16] list(`Near term` = n, Ecological = e, Forecast = f)
INFO [2021-04-05 14:00:16] 
INFO [2021-04-05 14:00:16] [[2]]
INFO [2021-04-05 14:00:16] [1] "../Figures/VennDiagrams/round2.tiff"
INFO [2021-04-05 14:00:16] 
INFO [2021-04-05 14:00:16] $cex
INFO [2021-04-05 14:00:16] [1] 2
INFO [2021-04-05 14:00:16] 
INFO [2021-04-05 14:00:16] $cat.cex
INFO [2021-04-05 14:00:16] [1] 1.5
INFO [2021-04-05 14:00:16] 
INFO [2021-04-05 14:00:16] $cat.dist
INFO [2021-04-05 14:00:16] c(0.03, 0.1, 0.06)
INFO [2021-04-05 14:00:16] 
INFO [2021-04-05 14:00:16] $cat.pos
INFO [2021-04-05 14:00:16] c(320, 40, 160)
INFO [2021-04-05 14:00:16] 
INFO [2021-04-05 14:00:16] $margin
INFO [2021-04-05 14:00:16] [1] 0.1
INFO [2021-04-05 14:00:16] 
