INFO [2021-04-05 14:02:24] [[1]]
INFO [2021-04-05 14:02:24] list(`Near term` = n, Ecological = e, Forecast = f)
INFO [2021-04-05 14:02:24] 
INFO [2021-04-05 14:02:24] [[2]]
INFO [2021-04-05 14:02:24] [1] "../Figures/VennDiagrams/round2.tiff"
INFO [2021-04-05 14:02:24] 
INFO [2021-04-05 14:02:24] $cex
INFO [2021-04-05 14:02:24] [1] 2
INFO [2021-04-05 14:02:24] 
INFO [2021-04-05 14:02:24] $cat.cex
INFO [2021-04-05 14:02:24] [1] 1.5
INFO [2021-04-05 14:02:24] 
INFO [2021-04-05 14:02:24] $cat.dist
INFO [2021-04-05 14:02:24] c(0.03, 0.1, 0.06)
INFO [2021-04-05 14:02:24] 
INFO [2021-04-05 14:02:24] $cat.pos
INFO [2021-04-05 14:02:24] c(320, 40, 160)
INFO [2021-04-05 14:02:24] 
INFO [2021-04-05 14:02:24] $margin
INFO [2021-04-05 14:02:24] [1] 0.1
INFO [2021-04-05 14:02:24] 
