INFO [2021-04-05 14:01:04] [[1]]
INFO [2021-04-05 14:01:04] list(`Near term` = n, Ecological = e, Forecast = f)
INFO [2021-04-05 14:01:04] 
INFO [2021-04-05 14:01:04] [[2]]
INFO [2021-04-05 14:01:04] [1] "../Figures/VennDiagrams/round2.tiff"
INFO [2021-04-05 14:01:04] 
INFO [2021-04-05 14:01:04] $cex
INFO [2021-04-05 14:01:04] [1] 2
INFO [2021-04-05 14:01:04] 
INFO [2021-04-05 14:01:04] $cat.cex
INFO [2021-04-05 14:01:04] [1] 1.5
INFO [2021-04-05 14:01:04] 
INFO [2021-04-05 14:01:04] $cat.dist
INFO [2021-04-05 14:01:04] c(0.03, 0.1, 0.06)
INFO [2021-04-05 14:01:04] 
INFO [2021-04-05 14:01:04] $cat.pos
INFO [2021-04-05 14:01:04] c(320, 40, 160)
INFO [2021-04-05 14:01:04] 
INFO [2021-04-05 14:01:04] $margin
INFO [2021-04-05 14:01:04] [1] 0.1
INFO [2021-04-05 14:01:04] 
