INFO [2021-04-05 14:00:12] [[1]]
INFO [2021-04-05 14:00:12] list(`Near term` = n, Ecological = e, Forecast = f)
INFO [2021-04-05 14:00:12] 
INFO [2021-04-05 14:00:12] [[2]]
INFO [2021-04-05 14:00:12] [1] "../Figures/VennDiagrams/round1.tiff"
INFO [2021-04-05 14:00:12] 
INFO [2021-04-05 14:00:12] $cex
INFO [2021-04-05 14:00:12] [1] 2
INFO [2021-04-05 14:00:12] 
INFO [2021-04-05 14:00:12] $cat.cex
INFO [2021-04-05 14:00:12] [1] 1.5
INFO [2021-04-05 14:00:12] 
INFO [2021-04-05 14:00:12] $cat.dist
INFO [2021-04-05 14:00:12] c(0.03, 0.1, 0.06)
INFO [2021-04-05 14:00:12] 
INFO [2021-04-05 14:00:12] $cat.pos
INFO [2021-04-05 14:00:12] c(320, 40, 160)
INFO [2021-04-05 14:00:12] 
INFO [2021-04-05 14:00:12] $margin
INFO [2021-04-05 14:00:12] [1] 0.1
INFO [2021-04-05 14:00:12] 
