INFO [2021-04-05 13:51:29] [[1]]
INFO [2021-04-05 13:51:29] list(`Near term` = n, Ecological = e, Forecast = f)
INFO [2021-04-05 13:51:29] 
INFO [2021-04-05 13:51:29] [[2]]
INFO [2021-04-05 13:51:29] [1] "../Figures/VennDiagrams/round2.tiff"
INFO [2021-04-05 13:51:29] 
INFO [2021-04-05 13:51:29] $cex
INFO [2021-04-05 13:51:29] [1] 2
INFO [2021-04-05 13:51:29] 
INFO [2021-04-05 13:51:29] $cat.cex
INFO [2021-04-05 13:51:29] [1] 1.5
INFO [2021-04-05 13:51:29] 
INFO [2021-04-05 13:51:29] $cat.dist
INFO [2021-04-05 13:51:29] c(0.03, 0.1, 0.06)
INFO [2021-04-05 13:51:29] 
INFO [2021-04-05 13:51:29] $cat.pos
INFO [2021-04-05 13:51:29] c(320, 40, 160)
INFO [2021-04-05 13:51:29] 
INFO [2021-04-05 13:51:29] $margin
INFO [2021-04-05 13:51:29] [1] 0.1
INFO [2021-04-05 13:51:29] 
