INFO [2020-08-02 15:06:45] [[1]]
INFO [2020-08-02 15:06:45] list(`Near term` = n, Ecological = e, Forecast = f)
INFO [2020-08-02 15:06:45] 
INFO [2020-08-02 15:06:45] [[2]]
INFO [2020-08-02 15:06:45] [1] "VennDiagrams/venn_data.tiff"
INFO [2020-08-02 15:06:45] 
INFO [2020-08-02 15:06:45] $cex
INFO [2020-08-02 15:06:45] [1] 2
INFO [2020-08-02 15:06:45] 
INFO [2020-08-02 15:06:45] $cat.cex
INFO [2020-08-02 15:06:45] [1] 1.5
INFO [2020-08-02 15:06:45] 
INFO [2020-08-02 15:06:45] $cat.dist
INFO [2020-08-02 15:06:45] c(0.02, 0.1, 0.06)
INFO [2020-08-02 15:06:45] 
INFO [2020-08-02 15:06:45] $cat.pos
INFO [2020-08-02 15:06:45] c(160, 330, 30)
INFO [2020-08-02 15:06:45] 
INFO [2020-08-02 15:06:45] $margin
INFO [2020-08-02 15:06:45] [1] 0.1
INFO [2020-08-02 15:06:45] 
