INFO [2020-08-02 15:09:25] [[1]]
INFO [2020-08-02 15:09:25] list(`Near term` = n, Ecological = e, Forecast = f)
INFO [2020-08-02 15:09:25] 
INFO [2020-08-02 15:09:25] [[2]]
INFO [2020-08-02 15:09:25] [1] "VennDiagrams/venn_data.tiff"
INFO [2020-08-02 15:09:25] 
INFO [2020-08-02 15:09:25] $cex
INFO [2020-08-02 15:09:25] [1] 2
INFO [2020-08-02 15:09:25] 
INFO [2020-08-02 15:09:25] $cat.cex
INFO [2020-08-02 15:09:25] [1] 1.5
INFO [2020-08-02 15:09:25] 
INFO [2020-08-02 15:09:25] $cat.dist
INFO [2020-08-02 15:09:25] c(0.03, 0.1, 0.06)
INFO [2020-08-02 15:09:25] 
INFO [2020-08-02 15:09:25] $cat.pos
INFO [2020-08-02 15:09:25] c(320, 40, 160)
INFO [2020-08-02 15:09:25] 
INFO [2020-08-02 15:09:25] $margin
INFO [2020-08-02 15:09:25] [1] 0.1
INFO [2020-08-02 15:09:25] 
