INFO [2021-03-07 15:42:11] [[1]]
INFO [2021-03-07 15:42:11] list(`Near term` = n, Ecological = e, Forecast = f)
INFO [2021-03-07 15:42:11] 
INFO [2021-03-07 15:42:11] [[2]]
INFO [2021-03-07 15:42:11] [1] "../Figures/VennDiagrams/venn_data_cited_ing.tiff"
INFO [2021-03-07 15:42:11] 
INFO [2021-03-07 15:42:11] $cex
INFO [2021-03-07 15:42:11] [1] 2
INFO [2021-03-07 15:42:11] 
INFO [2021-03-07 15:42:11] $cat.cex
INFO [2021-03-07 15:42:11] [1] 1.5
INFO [2021-03-07 15:42:11] 
INFO [2021-03-07 15:42:11] $cat.dist
INFO [2021-03-07 15:42:11] c(0.03, 0.1, 0.06)
INFO [2021-03-07 15:42:11] 
INFO [2021-03-07 15:42:11] $cat.pos
INFO [2021-03-07 15:42:11] c(320, 40, 160)
INFO [2021-03-07 15:42:11] 
INFO [2021-03-07 15:42:11] $margin
INFO [2021-03-07 15:42:11] [1] 0.1
INFO [2021-03-07 15:42:11] 
