INFO [2021-03-07 15:37:31] [[1]]
INFO [2021-03-07 15:37:31] list(`Near term` = n, Ecological = e, Forecast = f)
INFO [2021-03-07 15:37:31] 
INFO [2021-03-07 15:37:31] [[2]]
INFO [2021-03-07 15:37:31] [1] "../Figures/VennDiagrams/venn_data.tiff"
INFO [2021-03-07 15:37:31] 
INFO [2021-03-07 15:37:31] $cex
INFO [2021-03-07 15:37:31] [1] 2
INFO [2021-03-07 15:37:31] 
INFO [2021-03-07 15:37:31] $cat.cex
INFO [2021-03-07 15:37:31] [1] 1.5
INFO [2021-03-07 15:37:31] 
INFO [2021-03-07 15:37:31] $cat.dist
INFO [2021-03-07 15:37:31] c(0.03, 0.1, 0.06)
INFO [2021-03-07 15:37:31] 
INFO [2021-03-07 15:37:31] $cat.pos
INFO [2021-03-07 15:37:31] c(320, 40, 160)
INFO [2021-03-07 15:37:31] 
INFO [2021-03-07 15:37:31] $margin
INFO [2021-03-07 15:37:31] [1] 0.1
INFO [2021-03-07 15:37:31] 
