INFO [2020-08-02 15:08:51] [[1]]
INFO [2020-08-02 15:08:51] list(`Near term` = n, Ecological = e, Forecast = f)
INFO [2020-08-02 15:08:51] 
INFO [2020-08-02 15:08:51] [[2]]
INFO [2020-08-02 15:08:51] [1] "VennDiagrams/venn_data.tiff"
INFO [2020-08-02 15:08:51] 
INFO [2020-08-02 15:08:51] $cex
INFO [2020-08-02 15:08:51] [1] 2
INFO [2020-08-02 15:08:51] 
INFO [2020-08-02 15:08:51] $cat.cex
INFO [2020-08-02 15:08:51] [1] 1.5
INFO [2020-08-02 15:08:51] 
INFO [2020-08-02 15:08:51] $cat.dist
INFO [2020-08-02 15:08:51] c(0.02, 0.1, 0.06)
INFO [2020-08-02 15:08:51] 
INFO [2020-08-02 15:08:51] $cat.pos
INFO [2020-08-02 15:08:51] c(330, 30, 160)
INFO [2020-08-02 15:08:51] 
INFO [2020-08-02 15:08:51] $margin
INFO [2020-08-02 15:08:51] [1] 0.1
INFO [2020-08-02 15:08:51] 
