INFO [2020-08-10 22:12:09] [[1]]
INFO [2020-08-10 22:12:09] list(`Near term` = n, Ecological = e, Forecast = f)
INFO [2020-08-10 22:12:09] 
INFO [2020-08-10 22:12:09] [[2]]
INFO [2020-08-10 22:12:09] [1] "VennDiagrams/venn_data.tiff"
INFO [2020-08-10 22:12:09] 
INFO [2020-08-10 22:12:09] $cex
INFO [2020-08-10 22:12:09] [1] 2
INFO [2020-08-10 22:12:09] 
INFO [2020-08-10 22:12:09] $cat.cex
INFO [2020-08-10 22:12:09] [1] 1.5
INFO [2020-08-10 22:12:09] 
INFO [2020-08-10 22:12:09] $cat.dist
INFO [2020-08-10 22:12:09] c(0.03, 0.1, 0.06)
INFO [2020-08-10 22:12:09] 
INFO [2020-08-10 22:12:09] $cat.pos
INFO [2020-08-10 22:12:09] c(320, 40, 160)
INFO [2020-08-10 22:12:09] 
INFO [2020-08-10 22:12:09] $margin
INFO [2020-08-10 22:12:09] [1] 0.1
INFO [2020-08-10 22:12:09] 
