INFO [2021-03-07 14:06:27] [[1]]
INFO [2021-03-07 14:06:27] list(`Near term` = n, Ecological = e, Forecast = f)
INFO [2021-03-07 14:06:27] 
INFO [2021-03-07 14:06:27] [[2]]
INFO [2021-03-07 14:06:27] [1] "../Figures/VennDiagrams/venn_data.tiff"
INFO [2021-03-07 14:06:27] 
INFO [2021-03-07 14:06:27] $cex
INFO [2021-03-07 14:06:27] [1] 2
INFO [2021-03-07 14:06:27] 
INFO [2021-03-07 14:06:27] $cat.cex
INFO [2021-03-07 14:06:27] [1] 1.5
INFO [2021-03-07 14:06:27] 
INFO [2021-03-07 14:06:27] $cat.dist
INFO [2021-03-07 14:06:27] c(0.03, 0.1, 0.06)
INFO [2021-03-07 14:06:27] 
INFO [2021-03-07 14:06:27] $cat.pos
INFO [2021-03-07 14:06:27] c(320, 40, 160)
INFO [2021-03-07 14:06:27] 
INFO [2021-03-07 14:06:27] $margin
INFO [2021-03-07 14:06:27] [1] 0.1
INFO [2021-03-07 14:06:27] 
