INFO [2021-03-07 15:42:07] [[1]]
INFO [2021-03-07 15:42:07] list(`Near term` = n, Ecological = e, Forecast = f)
INFO [2021-03-07 15:42:07] 
INFO [2021-03-07 15:42:07] [[2]]
INFO [2021-03-07 15:42:07] [1] "../Figures/VennDiagrams/venn_data.tiff"
INFO [2021-03-07 15:42:07] 
INFO [2021-03-07 15:42:07] $cex
INFO [2021-03-07 15:42:07] [1] 2
INFO [2021-03-07 15:42:07] 
INFO [2021-03-07 15:42:07] $cat.cex
INFO [2021-03-07 15:42:07] [1] 1.5
INFO [2021-03-07 15:42:07] 
INFO [2021-03-07 15:42:07] $cat.dist
INFO [2021-03-07 15:42:07] c(0.03, 0.1, 0.06)
INFO [2021-03-07 15:42:07] 
INFO [2021-03-07 15:42:07] $cat.pos
INFO [2021-03-07 15:42:07] c(320, 40, 160)
INFO [2021-03-07 15:42:07] 
INFO [2021-03-07 15:42:07] $margin
INFO [2021-03-07 15:42:07] [1] 0.1
INFO [2021-03-07 15:42:07] 
