INFO [2021-04-05 14:12:00] [[1]]
INFO [2021-04-05 14:12:00] list(`Near term` = n, Ecological = e, Forecast = f)
INFO [2021-04-05 14:12:00] 
INFO [2021-04-05 14:12:00] [[2]]
INFO [2021-04-05 14:12:00] [1] "round2.tiff"
INFO [2021-04-05 14:12:00] 
INFO [2021-04-05 14:12:00] $cex
INFO [2021-04-05 14:12:00] [1] 2
INFO [2021-04-05 14:12:00] 
INFO [2021-04-05 14:12:00] $cat.cex
INFO [2021-04-05 14:12:00] [1] 1.5
INFO [2021-04-05 14:12:00] 
INFO [2021-04-05 14:12:00] $cat.dist
INFO [2021-04-05 14:12:00] c(0.03, 0.1, 0.06)
INFO [2021-04-05 14:12:00] 
INFO [2021-04-05 14:12:00] $cat.pos
INFO [2021-04-05 14:12:00] c(320, 40, 160)
INFO [2021-04-05 14:12:00] 
INFO [2021-04-05 14:12:00] $margin
INFO [2021-04-05 14:12:00] [1] 0.1
INFO [2021-04-05 14:12:00] 
