INFO [2021-04-05 14:11:59] [[1]]
INFO [2021-04-05 14:11:59] list(`Near term` = n, Ecological = e, Forecast = f)
INFO [2021-04-05 14:11:59] 
INFO [2021-04-05 14:11:59] [[2]]
INFO [2021-04-05 14:11:59] [1] "round1.tiff"
INFO [2021-04-05 14:11:59] 
INFO [2021-04-05 14:11:59] $cex
INFO [2021-04-05 14:11:59] [1] 2
INFO [2021-04-05 14:11:59] 
INFO [2021-04-05 14:11:59] $cat.cex
INFO [2021-04-05 14:11:59] [1] 1.5
INFO [2021-04-05 14:11:59] 
INFO [2021-04-05 14:11:59] $cat.dist
INFO [2021-04-05 14:11:59] c(0.03, 0.1, 0.06)
INFO [2021-04-05 14:11:59] 
INFO [2021-04-05 14:11:59] $cat.pos
INFO [2021-04-05 14:11:59] c(320, 40, 160)
INFO [2021-04-05 14:11:59] 
INFO [2021-04-05 14:11:59] $margin
INFO [2021-04-05 14:11:59] [1] 0.1
INFO [2021-04-05 14:11:59] 
